<?xml version="1.0" encoding="UTF-8"?>
<!-- Generated by org.testng.reporters.JUnitReportReporter -->
<testsuite skipped="0" hostname="VISHAL" name="Example.ExampleTest.DispalyTest" tests="3" failures="0" timestamp="2020-05-18T20:48:24 IST" time="257.607" errors="0">
  <testcase name="toVerifySingninDispaly" time="253.632" classname="Example.ExampleTest.DispalyTest"/>
  <testcase name="elementDispaly" time="1.676" classname="Example.ExampleTest.DispalyTest"/>
  <testcase name="clickLoginButton" time="2.299" classname="Example.ExampleTest.DispalyTest"/>
</testsuite> <!-- Example.ExampleTest.DispalyTest -->
