<?xml version="1.0" encoding="UTF-8"?>
<!-- Generated by org.testng.reporters.JUnitReportReporter -->
<testsuite skipped="0" hostname="VISHAL" name="Example.ExampleTest.DispalyTest" tests="1" failures="0" timestamp="2020-05-17T13:17:12 IST" time="0.055" errors="0">
  <testcase name="elementDispaly" time="0.055" classname="Example.ExampleTest.DispalyTest"/>
  <system-out/>
</testsuite> <!-- Example.ExampleTest.DispalyTest -->
